\BOOKMARK [0][-]{Doc-Start}{Table of Contents}{}% 1
\BOOKMARK [0][-]{chapter.1}{Conference Information}{}% 2
\BOOKMARK [1][-]{section.1.1}{Message from the General Chair}{chapter.1}% 3
\BOOKMARK [1][-]{section.1.2}{Message from the Program Committee Co-Chairs}{chapter.1}% 4
\BOOKMARK [1][-]{section.1.3}{Organizing Committee}{chapter.1}% 5
\BOOKMARK [1][-]{section.1.4}{Program Committee}{chapter.1}% 6
\BOOKMARK [1][-]{section.1.5}{Meal Info}{chapter.1}% 7
\BOOKMARK [0][-]{chapter.2}{Tutorials: Sunday, July 30}{}% 8
\BOOKMARK [1][-]{section.2.1}{Message from the Tutorial Co-Chairs}{chapter.2}% 9
\BOOKMARK [1][-]{section.2.2}{T1: Natural Language Processing for Precision Medicine}{chapter.2}% 10
\BOOKMARK [1][-]{section.2.3}{T2: Multimodal Machine Learning}{chapter.2}% 11
\BOOKMARK [1][-]{section.2.4}{T3: Deep Learning for Semantic Composition}{chapter.2}% 12
\BOOKMARK [1][-]{section.2.5}{T4: Deep Learning for Dialogue Systems}{chapter.2}% 13
\BOOKMARK [1][-]{section.2.6}{T5: Beyond Words: Deep Learning for Multiword Expressions and Collocations}{chapter.2}% 14
\BOOKMARK [1][-]{section.2.7}{T6: Making Better Use of the Crowd}{chapter.2}% 15
\BOOKMARK [0][-]{section.2.7}{Welcome Reception: Sunday, July 30, 18:00}{}% 16
\BOOKMARK [1][-]{section.2.8}{Welcome Reception}{section.2.7}% 17
\BOOKMARK [0][-]{chapter.3}{Main Conference: Monday, July 31}{}% 18
\BOOKMARK [1][-]{section.3.1}{Presidential Address: Joakim Nivre}{chapter.3}% 19
\BOOKMARK [1][-]{section.3.2}{Session 1}{chapter.3}% 20
\BOOKMARK [1][-]{section.3.3}{Session 2}{chapter.3}% 21
\BOOKMARK [1][-]{section.3.4}{Session 3}{chapter.3}% 22
\BOOKMARK [1][-]{section.3.5}{Poster Session P1 \(Long Papers\)}{chapter.3}% 23
\BOOKMARK [1][-]{section.3.6}{Poster Session P1 \(Short Papers\)}{chapter.3}% 24
\BOOKMARK [1][-]{section.3.7}{Poster Session P1 \(SRW Papers\)}{chapter.3}% 25
\BOOKMARK [0][-]{chapter.4}{Main Conference: Tuesday, August 1}{}% 26
\BOOKMARK [1][-]{section*.1}{Discussion: Double Blind Reviewing \046 arXiv, 12:05\20513:30, Salons E/F}{chapter.4}% 27
\BOOKMARK [1][-]{section.4.1}{Keynote Address: Noah Smith}{chapter.4}% 28
\BOOKMARK [1][-]{section.4.2}{Session 4}{chapter.4}% 29
\BOOKMARK [1][-]{section.4.3}{Session 5}{chapter.4}% 30
\BOOKMARK [1][-]{section.4.4}{Session 6}{chapter.4}% 31
\BOOKMARK [1][-]{section.4.5}{Poster Session P2 \(Long Papers\)}{chapter.4}% 32
\BOOKMARK [1][-]{section.4.6}{Poster Session P2 \(Short Papers\)}{chapter.4}% 33
\BOOKMARK [1][-]{section.4.7}{Poster Session P2 \(Systems Demonstrations\)}{chapter.4}% 34
\BOOKMARK [0][-]{section.4.7}{Social Event: Tuesday, August 1, 19:00}{}% 35
\BOOKMARK [1][-]{section.4.8}{Social Event}{section.4.7}% 36
\BOOKMARK [0][-]{chapter.5}{Main Conference: Wednesday, August 2}{}% 37
\BOOKMARK [1][-]{section.5.1}{Keynote Address: Mirella Lapata}{chapter.5}% 38
\BOOKMARK [1][-]{section.5.2}{Session 7}{chapter.5}% 39
\BOOKMARK [1][-]{section.5.3}{Session 8}{chapter.5}% 40
\BOOKMARK [0][-]{chapter.6}{Workshops and Colocated Events: Sunday,Thursday\205Friday, July 30,August 3\2054}{}% 41
\BOOKMARK [1][-]{section.6.1}{WiNLP: Women \046 Underrepresented Minorities in Natural Language Processing}{chapter.6}% 42
\BOOKMARK [1][-]{section.6.2}{CoNLL: The SIGNLL Conference on Computational Natural Language Learning}{chapter.6}% 43
\BOOKMARK [1][-]{section.6.3}{*SEM: Sixth Joint Conference On Lexical And Computational Semantics}{chapter.6}% 44
\BOOKMARK [1][-]{section.6.4}{SemEval: 11th International Workshop on Semantic Evaluation}{chapter.6}% 45
\BOOKMARK [1][-]{section.6.5}{BUCC: 10th Workshop on Building and Using Comparable Corpora}{chapter.6}% 46
\BOOKMARK [1][-]{section.6.6}{CLPsych: Computational Linguistics and Clinical Psychology \205 From Linguistic Signal to Clinical Reality}{chapter.6}% 47
\BOOKMARK [1][-]{section.6.7}{NLP+CSS: Workshops on Natural Language Processing and Computational Social Science}{chapter.6}% 48
\BOOKMARK [1][-]{section.6.8}{Repl4NLP: 2nd Workshop on Representation Learning for NLP}{chapter.6}% 49
\BOOKMARK [1][-]{section.6.9}{RoboNLP: Language Grounding for Robotics}{chapter.6}% 50
\BOOKMARK [1][-]{section.6.10}{TextGraphs-11: Graph-based Methods for Natural Language Processing}{chapter.6}% 51
\BOOKMARK [1][-]{section.6.11}{ALW1: 1st Workshop on Abusive Language Online}{chapter.6}% 52
\BOOKMARK [1][-]{section.6.12}{BioNLP: Workshop on Biomedical Natural Language Processing}{chapter.6}% 53
\BOOKMARK [1][-]{section.6.13}{EventStory: Events and Stories in the News}{chapter.6}% 54
\BOOKMARK [1][-]{section.6.14}{LaTeCH-CLfL: Joint SIGHUM Workshop on Computational Linguistics for Cultural Heritage, Social Sciences, Humanities and Literature}{chapter.6}% 55
\BOOKMARK [1][-]{section.6.15}{NMT: 1st Workshop on Neural Machine Translation}{chapter.6}% 56
\BOOKMARK [0][-]{chapter.7}{Anti-harassment policy}{}% 57
\BOOKMARK [0][-]{chapter.8}{Local Guide}{}% 58
\BOOKMARK [0][-]{chapter.9}{On-Site Childcare and Nursing Room}{}% 59
\BOOKMARK [0][-]{section*.15}{Author Index}{}% 60
\BOOKMARK [0][-]{section*.15}{Sponsorship}{}% 61
